<?xml version="1.0" encoding="utf-8" standalone="yes"?>
<!--Tiled2Unity generated xml data-->
<!--Do not modify by hand-->
<!--Last exported: 28/08/2016 02:45:52-->
<Tiled2Unity version="1.0.6.0">
  <AssignMaterial mesh="mesh_0001" material="PC Computer - Undertale - Core Tileset(1)" />
  <AssignMaterial mesh="mesh_0002" material="PC Computer - Undertale - Core Tileset(1)" />
  <Prefab name="test-1" orientation="Orthogonal" staggerAxis="Y" staggerIndex="Odd" hexSideLength="0" numLayers="2" numTilesWide="10" numTilesHigh="20" tileWidth="20" tileHeight="20" exportScale="1" mapWidthInPixels="200" mapHeightInPixels="400">
    <GameObject name="Tile Layer 1" x="0" y="0" z="0">
      <GameObject name="PC Computer - Undertale - Core Tileset(1)" copy="mesh_0001" sortingLayerName="" sortingOrder="0" opacity="1" />
    </GameObject>
    <GameObject name="Tile Layer 2" x="0" y="0" z="0">
      <GameObject name="PC Computer - Undertale - Core Tileset(1)" copy="mesh_0002" sortingLayerName="" sortingOrder="1" opacity="1" />
    </GameObject>
    <GameObject name="Object Layer 1" x="0" y="0" z="0">
      <GameObject name="RectangleObject" x="26" y="-146.875" rotation="0" layer="">
        <BoxCollider2D width="154" height="73" />
      </GameObject>
      <GameObject name="RectangleObject" x="180.125" y="-136.125" rotation="0" layer="">
        <BoxCollider2D width="59" height="122" />
      </GameObject>
      <GameObject name="RectangleObject" x="-32" y="-181" rotation="0" layer="">
        <BoxCollider2D width="51" height="136" />
      </GameObject>
      <GameObject name="RectangleObject" x="-11.375" y="-300" rotation="0" layer="">
        <BoxCollider2D width="215" height="59" />
      </GameObject>
      <GameObject name="RectangleObject" x="180.125" y="-102.875" rotation="0" layer="">
        <BoxCollider2D width="95" height="278" />
      </GameObject>
    </GameObject>
  </Prefab>
  <ImportMesh filename="test-1.obj">IyBXYXZlZnJvbnQgT0JKIGZpbGUgYXV0b21hdGljYWxseSBnZW5lcmF0ZWQgYnkgVGlsZWQyVW5pdHkNCg0KIyBWZXJ0aWNlcyAoQ291bnQgPSA0NSkNCnYgLTE2MCAtMzAwIDANCnYgLTE4MCAtMzAwIDANCnYgLTE4MCAtMjgwIDANCnYgLTE2MCAtMjgwIDANCnYgLTE0MCAtMzAwIDANCnYgLTE0MCAtMjgwIDANCnYgLTEyMCAtMzAwIDANCnYgLTEyMCAtMjgwIDANCnYgLTEwMCAtMzAwIDANCnYgLTEwMCAtMjgwIDANCnYgLTgwIC0zMDAgMA0KdiAtODAgLTI4MCAwDQp2IC02MCAtMzAwIDANCnYgLTYwIC0yODAgMA0KdiAtNDAgLTMwMCAwDQp2IC00MCAtMjgwIDANCnYgLTIwIC0zMDAgMA0KdiAtMjAgLTI4MCAwDQp2IC0xODAgLTI2MCAwDQp2IC0xNjAgLTI2MCAwDQp2IC0xNDAgLTI2MCAwDQp2IC0xMjAgLTI2MCAwDQp2IC0xMDAgLTI2MCAwDQp2IC04MCAtMjYwIDANCnYgLTYwIC0yNjAgMA0KdiAtNDAgLTI2MCAwDQp2IC0yMCAtMjYwIDANCnYgLTE4MCAtMjQwIDANCnYgLTE2MCAtMjQwIDANCnYgLTE0MCAtMjQwIDANCnYgLTEyMCAtMjQwIDANCnYgLTEwMCAtMjQwIDANCnYgLTgwIC0yNDAgMA0KdiAtNjAgLTI0MCAwDQp2IC00MCAtMjQwIDANCnYgLTIwIC0yNDAgMA0KdiAtMTgwIC0yMjAgMA0KdiAtMTYwIC0yMjAgMA0KdiAtMTQwIC0yMjAgMA0KdiAtMTIwIC0yMjAgMA0KdiAtMTAwIC0yMjAgMA0KdiAtODAgLTIyMCAwDQp2IC02MCAtMjIwIDANCnYgLTQwIC0yMjAgMA0KdiAtMjAgLTIyMCAwDQoNCiMgVGV4dHVyZSBjb29yaWRpbmF0ZXMgKENvdW50ID0gNjApDQp2dCAwLjI3Nzg5OTkgMC45MDkyMTI5DQp2dCAwLjMzMzIxMTMgMC45MDkyMTI5DQp2dCAwLjMzMzIxMTMgMC45MzkyNzE5DQp2dCAwLjI3Nzg5OTkgMC45MzkyNzE5DQp2dCAwLjIyMjM0NDMgMC45MDkyMTI5DQp2dCAwLjI3NzY1NTcgMC45MDkyMTI5DQp2dCAwLjI3NzY1NTcgMC45MzkyNzE5DQp2dCAwLjIyMjM0NDMgMC45MzkyNzE5DQp2dCAwLjE2Njc4ODcgMC45MDkyMTI5DQp2dCAwLjIyMjEwMDIgMC45MDkyMTI5DQp2dCAwLjIyMjEwMDIgMC45MzkyNzE5DQp2dCAwLjE2Njc4ODcgMC45MzkyNzE5DQp2dCAwLjI3Nzg5OTkgMC45Mzk1MTYNCnZ0IDAuMzMzMjExMyAwLjkzOTUxNg0KdnQgMC4zMzMyMTEzIDAuOTY5NTc0OQ0KdnQgMC4yNzc4OTk5IDAuOTY5NTc0OQ0KdnQgMC4yMjIzNDQzIDAuOTM5NTE2DQp2dCAwLjI3NzY1NTcgMC45Mzk1MTYNCnZ0IDAuMjc3NjU1NyAwLjk2OTU3NDkNCnZ0IDAuMjIyMzQ0MyAwLjk2OTU3NDkNCnZ0IDAuMTY2Nzg4NyAwLjkzOTUxNg0KdnQgMC4yMjIxMDAyIDAuOTM5NTE2DQp2dCAwLjIyMjEwMDIgMC45Njk1NzQ5DQp2dCAwLjE2Njc4ODcgMC45Njk1NzQ5DQp2dCAwLjI3Nzg5OTkgMC45Njk4MTkxDQp2dCAwLjMzMzIxMTMgMC45Njk4MTkxDQp2dCAwLjMzMzIxMTMgMC45OTk4Nzc5DQp2dCAwLjI3Nzg5OTkgMC45OTk4Nzc5DQp2dCAwLjIyMjM0NDMgMC45Njk4MTkxDQp2dCAwLjI3NzY1NTcgMC45Njk4MTkxDQp2dCAwLjI3NzY1NTcgMC45OTk4Nzc5DQp2dCAwLjIyMjM0NDMgMC45OTk4Nzc5DQp2dCAwLjE2Njc4ODcgMC45Njk4MTkxDQp2dCAwLjIyMjEwMDIgMC45Njk4MTkxDQp2dCAwLjIyMjEwMDIgMC45OTk4Nzc5DQp2dCAwLjE2Njc4ODcgMC45OTk4Nzc5DQp2dCAwLjM4OTAxMSAwLjg0ODYwNjkNCnZ0IDAuNDQ0MzIyNCAwLjg0ODYwNjkNCnZ0IDAuNDQ0MzIyNCAwLjg3ODY2NTgNCnZ0IDAuMzg5MDExIDAuODc4NjY1OA0KdnQgMC4wMDAxMjIwNzAzIDAuODE4MzAzOQ0KdnQgMC4wNTU0MzM0OSAwLjgxODMwMzkNCnZ0IDAuMDU1NDMzNDkgMC44NDgzNjI4DQp2dCAwLjAwMDEyMjA3MDMgMC44NDgzNjI4DQp2dCAwLjMzMzQ1NTQgMC44NDg2MDY5DQp2dCAwLjM4ODc2NjggMC44NDg2MDY5DQp2dCAwLjM4ODc2NjggMC44Nzg2NjU4DQp2dCAwLjMzMzQ1NTQgMC44Nzg2NjU4DQp2dCAwLjM4OTAxMSAwLjg3ODkwOTkNCnZ0IDAuNDQ0MzIyNCAwLjg3ODkwOTkNCnZ0IDAuNDQ0MzIyNCAwLjkwODk2ODgNCnZ0IDAuMzg5MDExIDAuOTA4OTY4OA0KdnQgMC4zMzM0NTU0IDAuOTA5MjEyOQ0KdnQgMC4zODg3NjY4IDAuOTA5MjEyOQ0KdnQgMC4zODg3NjY4IDAuOTM5MjcxOQ0KdnQgMC4zMzM0NTU0IDAuOTM5MjcxOQ0KdnQgMC4zMzM0NTU0IDAuODc4OTA5OQ0KdnQgMC4zODg3NjY4IDAuODc4OTA5OQ0KdnQgMC4zODg3NjY4IDAuOTA4OTY4OA0KdnQgMC4zMzM0NTU0IDAuOTA4OTY4OA0KDQojIE5vcm1hbA0Kdm4gMCAwIC0xDQoNCiMgR3JvdXBzIChDb3VudCA9IDIpDQoKZyBtZXNoXzAwMDEKZiAxLzEvMSAyLzIvMSAzLzMvMSA0LzQvMQpmIDUvNS8xIDEvNi8xIDQvNy8xIDYvOC8xCmYgNy81LzEgNS82LzEgNi83LzEgOC84LzEKZiA5LzUvMSA3LzYvMSA4LzcvMSAxMC84LzEKZiAxMS81LzEgOS82LzEgMTAvNy8xIDEyLzgvMQpmIDEzLzUvMSAxMS82LzEgMTIvNy8xIDE0LzgvMQpmIDE1LzUvMSAxMy82LzEgMTQvNy8xIDE2LzgvMQpmIDE3LzkvMSAxNS8xMC8xIDE2LzExLzEgMTgvMTIvMQpmIDQvMTMvMSAzLzE0LzEgMTkvMTUvMSAyMC8xNi8xCmYgNi8xNy8xIDQvMTgvMSAyMC8xOS8xIDIxLzIwLzEKZiA4LzE3LzEgNi8xOC8xIDIxLzE5LzEgMjIvMjAvMQpmIDEwLzE3LzEgOC8xOC8xIDIyLzE5LzEgMjMvMjAvMQpmIDEyLzE3LzEgMTAvMTgvMSAyMy8xOS8xIDI0LzIwLzEKZiAxNC8xNy8xIDEyLzE4LzEgMjQvMTkvMSAyNS8yMC8xCmYgMTYvMTcvMSAxNC8xOC8xIDI1LzE5LzEgMjYvMjAvMQpmIDE4LzIxLzEgMTYvMjIvMSAyNi8yMy8xIDI3LzI0LzEKZiAyMC8xMy8xIDE5LzE0LzEgMjgvMTUvMSAyOS8xNi8xCmYgMjEvMTcvMSAyMC8xOC8xIDI5LzE5LzEgMzAvMjAvMQpmIDIyLzE3LzEgMjEvMTgvMSAzMC8xOS8xIDMxLzIwLzEKZiAyMy8xNy8xIDIyLzE4LzEgMzEvMTkvMSAzMi8yMC8xCmYgMjQvMTcvMSAyMy8xOC8xIDMyLzE5LzEgMzMvMjAvMQpmIDI1LzE3LzEgMjQvMTgvMSAzMy8xOS8xIDM0LzIwLzEKZiAyNi8xNy8xIDI1LzE4LzEgMzQvMTkvMSAzNS8yMC8xCmYgMjcvMjEvMSAyNi8yMi8xIDM1LzIzLzEgMzYvMjQvMQpmIDI5LzI1LzEgMjgvMjYvMSAzNy8yNy8xIDM4LzI4LzEKZiAzMC8yOS8xIDI5LzMwLzEgMzgvMzEvMSAzOS8zMi8xCmYgMzEvMjkvMSAzMC8zMC8xIDM5LzMxLzEgNDAvMzIvMQpmIDMyLzI5LzEgMzEvMzAvMSA0MC8zMS8xIDQxLzMyLzEKZiAzMy8yOS8xIDMyLzMwLzEgNDEvMzEvMSA0Mi8zMi8xCmYgMzQvMjkvMSAzMy8zMC8xIDQyLzMxLzEgNDMvMzIvMQpmIDM1LzI5LzEgMzQvMzAvMSA0My8zMS8xIDQ0LzMyLzEKZiAzNi8zMy8xIDM1LzM0LzEgNDQvMzUvMSA0NS8zNi8xCgpnIG1lc2hfMDAwMgpmIDgvMzcvMSA2LzM4LzEgMjEvMzkvMSAyMi80MC8xCmYgMTAvNDEvMSA4LzQyLzEgMjIvNDMvMSAyMy80NC8xCmYgMTIvNDEvMSAxMC80Mi8xIDIzLzQzLzEgMjQvNDQvMQpmIDE0LzQ1LzEgMTIvNDYvMSAyNC80Ny8xIDI1LzQ4LzEKZiAyMi80OS8xIDIxLzUwLzEgMzAvNTEvMSAzMS81Mi8xCmYgMjMvNTMvMSAyMi81NC8xIDMxLzU1LzEgMzIvNTYvMQpmIDI0LzUzLzEgMjMvNTQvMSAzMi81NS8xIDMzLzU2LzEKZiAyNS81Ny8xIDI0LzU4LzEgMzMvNTkvMSAzNC82MC8xCg0K</ImportMesh>
  <ImportTexture filename="PC Computer - Undertale - Core Tileset(1).png">iVBORw0KGgoAAAANSUhEUgAAAWgAAAKUCAYAAAApXaIqAAAACXBIWXMAAA7DAAAOwwHHb6hkAABi40lEQVR42u3dC/B9V1Uf8B+CnWmZCmSSUBUEExQrIhB5hPBSkWcgDQoFQe1YJBgsBgiotFC1tYoBLBNsNTwsKg+pBB+goiDGoRVfLVZBy3NKxxnHFjtMjc7UEW7/6+a3btZdv/3ea++z9znf/8yae+85557fuef+7+euu85+nJz3eQ/YIdYbj3nN7+8uuvqN+/tf/KQ3DhF0LHRM+2P7hSectIxz/xY79/S3W78+xLrjhP8z0QdmzaE/PFt5vQcIB0FaH1NrnB9y2XWLBpBGVANNH5R7PPyV+1hbBsmvS6PFy9ca/HoZ7BGQPoNzQ6BHwBlII0yB5p9lawpG2gf0KD/7rcIH9NJIO3FuBPRIOANphAnQa8RZIu0Cem04S6RdQC+FtBfnBkC7cL78OT+1SLiQjv3iA0oIAL1hoHsjHcS5AOgYcC6cz7vH0xcJF9KhANAIAA2guyEdxbkQ6FTwlsS5BGkAjQDQALoL0kk4NwT6DM69L1AXIA2gEQAaQDdHOhnnRkC7cP7s+edlxRW3v+Qocp9fgjSARgBoAN0U6SycC4GOXZxLwTmErmtd7vY+pEOBlh4IAA2gmyGdjXMB0Pv3M7UGLHD2ZcO+ZTGEQ/uSyzXSoQDQCAANoJsgXYRzBdAX33jzIVyP6Xg+/fMvO4Nr7L6+TV3nu0/HwEjHjhlAIwA0gDZHuhjnSqBDtxpoX7gQdq2Ty3zrXPvWQIduATQCQANoU6SrcDYCWmelsrxBQC4ZsswRO2YAjQDQANoM6WqcDYDWIYEeKhKOGUAjADSANkHaBGejGrQzgx4wXBk0atAIAA2gTZE2w9mwFUcIv5Ei9CUCoBEAGkBXIW2Kc4MMeoZABo0A0ADadGICCbIZztY16FnGKUcNGgGgAbT1zDEEsynOhhn0bBNJIINGAGgAfVSeGO39KJmT0NuTcJLxlCXQ1jVo2mfPbfVy13azfXHe9S5PTwq9LY+lwmPFhLb1LefHR/NaAuj1Z9AjIV07J2Esg54JaOsMGkDXwTwK0BJpAL2REscISFvMSeitQU8GdIsaNICuy5pHApofA+gN1aCXRNpqTkJk0AC6VUljNKApAPSG5yRcHGejdtCzAt2iBq0DQOcBnVqTBtAAusuchIviDKCbdlQB0HUXBQE0gB5iTsLFcEaJo2kzOwANoAH0SuYkXARnXCRs2lEFQANoAL2iOQm744wMevoMOlbzBtBhoGPHA6DRk9AU6dZzEqIGPQ7QWb8YAHRRAGgAbYZ0zzkJkUEDaAANoDc7J2EXnFGDbl6DDkXp83LAnh3o1OdKoC27lANoAF2N9FJzEiKDzmv7nJsRp14cnBnoEjxd27gy6NSLgwAaQDdDeqk5CVGDLsfXEujoBAWTYdwb6NjxAWgAXYz00nMSIoMuBzol804Fek0ljtQxO0KRAnRq5g6gAXQR0iPMSYgatB/P0pqxVfO6NQIdyq5TM+jc/QNoAJ2N9AhzEiKDDmfHFi0xcmrQvm1nHYvjJRc8effZ88/bB92PIZ0CdMn+ATSAnnJOQtSgz2azlk3rciFey4D9FJ/++Zftbv7se/e3LkRrgc7ZP4AG0NPOSYgMus0FQl/pomT/M40FzZkt4akBjSHta2ZXu38ADaCnnZMQNeg6oFs0z5u1FQc/JigJTgoCU5YiKPQMLKGLhK7sOXX/aMUBoMcIZNCLAt06Q58RaJnRxoBO6UlYun9k0AB6WqBRg67Pgltl0DPXoDWYoRJESQads38ADaCRQW+oHXRJTTl3/zN3VJGIptSHczLonP2jxAGgVwE0atB1rS8s20dvsZldKdBoZgegkUFvfDS7lPJFrCOKRWllzR1VfECHmuOhowqARg0a40EnZcit1886ml3JuB25Y3GgqzeARgaN8aABdKPxoGuAzhmYCUADaNSgNzgnIYAG0AAaQCODRgYNoAE0gEYNGjVoAA2gATSARga90Qw69zGAfkBwf7HHABpAowaNGjSABtAAGkAjg0YGDaABNIBGDRo1aAANoAE0gEYGPUoGnTrPYC7QNTHjaHalgPuArj02AA2gUYNeQQ3aeuAjq+w9FbteEQK6ZF85Y3GU7PtEfojXiLR+ffLxGpFmnJFBby+D7gl0LHPWQI+AswvppYCOZc5HQMtZMmacQywUcjYQXiZfL4G2ptCvFzXobdSgQ+M855QkrCaUlUCPhLMG0oVtrTmpQIeWn8mgzacyGiiaTno6+OtFBr29DLpl6SIX6BFx9qFck02XZNBZQMs559YWvhLHFl7vGoH2lbJmAtr3OgD0WFgPB/TafvKvuXyTW+YZLWYAdStx/6e9c4ewC6v3ZXNA07fb1mJEpPm9AI5jwHze3Z+KMAwrqJ1Az34BTR6/Bpp+NnDdj39WrP3xaEjLn4FAEjAD6kyguZY5c9YsX4sG+g5Pevs+GLC1Px4JaV2jA5aAGVCjxHEE9FZjaaRdF1BGvpDnewyYEb2gxkXCDQSXPZZEWuLMxzIqetzT74rbX7IP7qkImBG9od4c0E954XXF8aK3vnO/j5ff+crdB5507Zmg5anr6Zb2V/K3v/bCy/dB92P7YqSp5LEU0hpnOpaRs1IG+rPnn7ePGYEGzOuAGkAXAE3Y/q/v/qEzQctz1ucgzX+bcZYRA5r/rqxL90JalzUYZz4mAD0GzHc690sBYRdWUAPoAqAJV85eZTC6OetTka4FmkHsWe7wlTXk8QDoMWA+uc/v7C76/GfubxHlwefQCmoAXVji8EXu+hSgdXnDdevbD38hyBJLj3KHr6zB5R/+sgLQy8OscUHUA81RCzWAToSZkdTAylqwC+DQeovsOZZJ89+TJZbW5Q5fWUOWd/j1A+jKYzWAGUC3A7oWagCdiKO8uBfLiFMflwCdm0XLv8dZK2/botzhK2vw39TlHQDdB+gQzAC6PdClUG8O6Ps+/qqssATZ9zjlGGLZs8yiY8cva8CW5Q5fWUP+PX0sI2BcCvQQx28AM4DuB3Qu1MigM+vOVkBzVm5V+07JoGUWq5GuLXeEWmvImvNIQB9mNlHHkQK077mjAJ0DM4DuD3Qq1AB6QaAtmtjFWnLI0oj8+xrpmnJHrLWGrDnL2vxIQF/4rI8fwge0a5vRgC6BGUAvB3QMagCdmbnWXBSUMJV0UikF2vcFY9G6I6W1hq/+PhLQjPEeZA/Qrm1GAboGZgC9PNA+qAF052Z1Jb0IU46lBOja1h2prTVGA9qVBbvw3X3dI/cRA5r3t8RrsYAZQI8DtIZ6c8ONztDuObctdEpX79DxlrTuyGmtMQrQDKkL2afe8VGH8AHt2kbCvQTUI+ICoA33qefpW+twozkX5XzN23RwaSFnfS3QJT0JY0Dntu7Iba0xAtAS5liZwgd0SnmEoQbQANoMaP4ArrXEsaaR6XxAx8JXI89t3VHSWsP1t3sC7cJZZ8E1QNO+lkIaQG8AaMqC5AdwbUGvjWd+ZrjvftfnnYkvftIbs5bP8AXl6v3oAzOldUdJaw3fF0IPoDXOXKKgdY9+/s/cgqwC+AD0S1+yD996CtoHLeP99kbaGpe7feGrTQNAGwDNmdJa5+STmZ4Emn6u/+y7P3QAmG9Tl7dC1fVlUBK0LzpWXxmmpHVHSWsNX+mHjq03znL9JY+9bqeRpqDlGuj9Mv7SFzjTcrnP3khbYnDbkytNUd0i0HQOzYGWP2PXNief/DnOQBNe8uIhQUGPS5bX4uoDuvZXgwSakU4FOta6I7e1huvv8nEthbMXaRFHGbQKF85LIN0K6BpcLfYBoNVFQonZmubk49fEr1MCzUhoiHOWa1j5YmtK0LY+5K2BdiFd0rqjpLWGD2cGOve15QLtwzmWSZ+JBJxdSKcCXXIekEFvAGhuIaDni1vTPHz8GhlARpZDljNylmtYcy60hrLwFkBrpEtad5S01vDhfAS0I0v1RgTpEM4+5GUJ446P+JAzZAkkNo9hLtKl5wBAbwRoOWrb2kK+PkLrUZc8/YAuBz0uWa5hLak39wRa1qRTgdbljlhrDb1fWXNeEmjZJM4Ft8T4m55x01FoqH0Qy3VDAv13vu+WANB9gQ6c92Sg3/TBT1QNaB+KL7vbQ48uEsmLVrSu1d+l16SBftG3vOpMywx6XLJ8RqAZaV9rC1/rDn5OrLWGqzmd7zhGAFrizCA/8fOfehQaah/EwwItgQDQywBdAnVPoH3jSPQGmltiUNzmM7vDfbn803/9GOfyv3rc8fazAl3SuiPU6SXWWqMX0LHas2xm58KZQX7JBU8+Cgm1D2nf30tBuhXQBMYZNAD0ckCH3hcAfQvQN3/2vYcWGQQ035fLCWjXcgJaLp8Z6NzWHblAx3AuBjqAdM7FQRfOGmYX1D6kSy8W1rz+KMznYFg70CO1y84Bmt+bINQ8wHuvEodvNpBWSDPQPHg9gI4jbQF0Cs4M9GOedl0+UB6kS4BOxdmFdC3QRTiLDjIhmE+u+P19AOhBgT59f4JQcwZNgC2VQbfMpOk18RfQKEDLNtAjAJ3auiMV6FScGWhu5haKENISyVSgY9nzFbe/5ChKs2gf0LrpngvgUHBLEg3zEc4+NCQWoibaAugLv+nDpjEN0LrW7AKaHyukj9bJEgdB1hro3lk04zwa0Dza3ihA+1p3uC74+dal1JxdQDPSoQgiHWq77GlDLYH+ii84i/O/uMP9du/7gq/eB93XSNNzXEAnv0eR7Dh2PvjvyQ/0557c69bMTCDgBNpx0bAF0FuLI6Bd51oBfdj+9JcOvYdHv4R0DTp3zr7USM2grf9uqAYtLxJKiOVFQr2cLxKuEWhX6w7X+Bmhdbl/L7XHXBLSiWUR3d7ZBfSnf/5lh8yXkI4BnQJv6vHFOsH4ehIegD79gMsPe7DEce4xP3fWEkfObesMen/eHefYBbTvPVu0mZ0vWpU4XEBzMzkCmpvRyeUEtGs5AS2Xr6XEkdq6o7S1Ri3QNfVaH4QhoAlmQpqhjgJteFylXb3lh11+0ENA03b8PABtAzRDe4RtoMQhv0gXBTqWPZeMk1zazI6QlUBTyOUMtF7OQPPyHhcJU8f1sAI61LqjtLVGKdCm2WkG0FTWoC9gAjqlxGF9bKnd2n1ASxhcyzTMvB2ANqhBi3ryAWpPKw5n9r11oKkHIH34GFoKekyo6eWEsG95j56EXA5JCf28GqB9rTtKW2uUAJ0EX0Zt1wf0xRddfXQB0HeRUF5IpOcUAZ17vBGkg0A7Wge4YJatPdAO2gBoR+sMnVEfnf8RgI6VOXoCzT0BCV0KPbRozvKWQOfgrJG2ANrVuqO0tUYToE/rtRzO7c8t89auT5FmoFPbQUugfce4/5ue44keswHQEmYJhAvmlhcJN9tRRZ1fDXXofVocaFfrjRY4+4CWF+r44p+sCecsbwV0Cc4SaSugdeuO0tYa5kA7LqaFQHQi7cmiYxHLnrkVhu94nIM0GQKtWxJ4YcZwo33aQXug1i1onEDzf+weQJfMqWcFNP9H943dXLO8xXjQpThLpK2Alq07SltrtAA6afvT7XxtrXOR1jiH2iinAF3yOr3jQeuxNhTQPpglLr62xiVhua9VjGYnSkkaaO84KaVj0faeU682+HWubc7FWFhBKpG23GcvoH1trXWTOwLYBTUvdw096mujPCTQgYF6GOjWHUs2C/Tpr5csoNc6xKgvZplD0PqLacYItXvmrs45QOttGV3XONC8TsN81O454W+kHE/u66wCOoCH+VjGGwxX6wydRWcBPftcg3oZfQDOP/+hR7PEyBgdaOtzNDPQoS7grs4cLuhCwLmgffA//aR3wH5ad/ScyJdg6vHkvk5ToFVXbyDbqKt3KdAzzzl45zs/+Mx6CbRrjsXSi3mtg4/J+nzNDHSoC3gq6CHgXNNYSaTpVt53XnAMAJ1zPDmv0wToQPdjhGGJQ5/nEqDXMgehC2e9/egZtPX5mR3oWtBzcNYlDVn6kOtykc4Bt2rS2NQadGA0OyDbeEaVEqBnDM6eZfAHyje3oixxjFoXtz5PWwOaR7OLjWTnbBKn69ICYF2vzkGaR7RrMbt3FtCRmTwAdIc5CU9r/bhIGMBw36zvtDfg0kHHIZHGRcK2QMdm53b28vOcz1SkhwEaFwnnu0jIPcN4pmYZcpzfkddTfPk9H7sPfV8/nxHkrtqMNd3vfUtBxyGBtm4HDqDTcfa2wEioM4e2HR7olJk9EFmDJXmRLgGaZ2nWwTM5j76eMP7Wx/2j3Qdee+0h6DEjLZ/vApqR7H0LoJcBOqV1RCrQZ5CeCWgJMzLoJoMlnQG3BGiepVkHz+Q8+nqCmFCWGbR8LJ8PoLcNdArOuUDrFhvDA60B8U2NhTAbLOnwnpSWOHwxw/p9lvzaa49qhfKx3B5AbxfonJYUuUCH9j/SRULftFi4SNjoIqED6iqg9UDtM6yPZdAAGkDnRgnQo7fiOCDBGR6A7gO0+IXiGywpGegZH7syaKpBI4MG0FsHWmfMoYuFALphMzt57l2ljzUD7cqgKdPmi4gzAW09JyOA3ibQvuFFnUCrSWYRBkA7zvHRuhjUawBajoQnM2jG2fV8DTT9o2ZvS9wigwbQ1kDHxn1GBr1wBh0ZJ3o1QBPCKTVnH9CjdlQB0AA6G2jxAY+N+wygBwLaMU70GahnvCi4z5ATWm3IDFsCPVpXbwA9HtCy+3ftGBotgXZOpRQZlN+5/qt/F0BbAX3uXGYBrZrfHc2AM2OzupRWG4wz16M10KMGgB4D6NxmeUsBfZiM9NwHvAhowoRB+TuPPm7hgcgPOof6vGYCze/l/v6sQId6DhLIcj2ABtBLRtMSB9eaz91mAS0BoVvGBcjWA83nV0KdA7R4T090OYGBc+E4yvrY2Bu8DBk0gF490OICYTLQGmaNC6IeaA5xrrOAxpRXmPIKQG8I6NNM7gB0Ci6IeqAF1IdzH6hRnwE6NqknzfRhOUno0rE1sKxjj37ljOOtgo4NQF/phPkoiwvhcvk7EDUR+JI78+tFQQ2gE4DeegYaC573cUSc6dgA9JVOmI+QcAHyhPcAaCug6Vz6gHaUPvh+EtAEslXMBDSDrP8B6uPgmWlGQlrOorNZoOWgSL4aswtowkTiwvdrm5xtGWi+r6B2fjmqXzeHMTpCQFtAOBPQDPNLLnjyUdz82ffug6EG0E84kdOHjYC0nuJss0Cf+4AfAR2rkUqYOW5z6e7ksdffErQN38+NmufOHnQO9XllqEM1fgm0LH34YC3NhOXzZwBa4kwfIo7d9c84AE3rgPQx0CMg7Zp/cnNAi5/IRxcJc+vMj32DG+j9ukSceNutA03nMrM+fWacaH5fY8CWQjsD0D6cJdIUdB9I33rOCMKLb7x5UaQlznwsm71IeJoxB4HmjFkDTZgwLrROY1sSNc+dPeQ51FDzuQ/UqLmjyiGLts6gc2rZIwBNGfIeagGxDMZabrtloGmEPDoHd3jS2xdDWuNMx0LL6Ng2B7T4gDuB1qUMRkLCLLK/Oz322n0ckL3nfW4NX71ZbnMKNO9na3H0K0RDrb8cHTXqA9AcS2W+owHtwlkiDaBvBfpFb33nAene5Q5d1mCc6ZgAtADaVWM+F/v1np/mtz152O7ka77vltBA72vUJ8cYU9AyWqeAPuxn0DiAarzf/Tl0In39LefeVfo4hRpAC6C5dQZ9yBleCo0zL6dt+Gf0lpFmoBnpnuUOX1mDj2fLQB+NhOarMZ/5CX5aMz3NnG/B5eSW2K87OYbXlUUz3hps3s/Ggs7hIZPWUB/O/Ru8X55nRiRcqvSwVPM9xpmzYvrgM9ISagkz48xIHJ67caBlJt0aaV9ZQx7LFoE+fKBTasycxSmYKa57zwd2JycncaDP7fOFJ4/YxwFmmWnL524xzp1DOpdHJY9TqM/+evHXqA/v69YyaEaXs2PqXs1IS6glzIwzd8XmJngSadmSYE0RA7pHuSNU1tg60LqUccigXTVmhvkcBEcwn2Z+SUCfu/3fJ7e9dRsAfQZo/iVyBDXh6yl9MNRnfv3Qe7tFoOk/NgNL6O4z61MMzgB1upy2YaDpuYduz6Jk8sD7v251oX8puIBuWe6IlTU2D7SCOVRj9sF8KG2ciHABfYovAb1HWiwD0OLcqfOaCvXRe8hI94RzhFYccsAkCbQMxlkvl8/h+wC6XbkjpawBoN9x68WlSI3ZC7MGJgL0reUTAO0DWtaknVAHatSHi729gR4lg6YPPAPL9xlmDTTf0jacvcn7awJa/nIIAZ2CdG25I7WsIXHeJNDnfh4fcJZ1TvqwxzJmHzAuoBlp3fROPwbQ3ouH3oz6FGb56+eW9/QN282gZYsMibQrg/Ztr4GmLE/GjEDL21AGHUO6ptyRU9aQx7JNoB0dJXJhTgU6JQB0tJVHDOqjWArOpYHWtWSZPUqI5TJdu9ZA6yx6NqRTM2gNo2W5o6SssekShwXMIaBlE7pYcPM6AJ3UHC8Jao3l1oCWHVFCwR1ZfEC7yhwSaP4J7otWExTE/i5HaQ3astxRUtbYfA3aAuYQ0CUBoLPaTQehdgHdK0YAWnc8kYC4MuRSoEPQtJzpJfR35d+vuUhoUe4oLWtsHWgTmF1A55Y2ZNzlUgB9GyOoe2WzowyepHGVbZ5lxxXZMUVuwxDnljhGAZp7SFoCXVvuqClrbB1oE5hdQNfGhttB1/ZElFBvGuh9JxU9nRPd58xOtXWmkM/NuUgowdFI9gSaB3+yBrq03FFb1kBPQgOYAfQwQJ+BestA6yZ0jJrEWK7jFh4+oGPtiX1I7nG/6OqmEcqkc4COlUxyyx21ZQ29/611vTdF9VxQ865b4t67zzl54j7o/q3L73Vu2aP2Ibf1bT/6JNLDv78t8RyxRi3LEbJJnQRaNq9joGXTO9ebmwO0RuWOj/iQMwgt3zrCyrfOtx/fl0QO0Pz6a5CW5Y7asobc7xYnBY6Be5uTrzyKHKCP416euLcnjoEecQ5LAF2x315AuzJoF9ByuRXQIZxDQBNWb/rgJ5KR5v3Qre84coC2QtqirCFxBtBnYb7g8u86inSoj8ENbXNr1nx2e8a5VQmvNHQjgFUA3TML7gm0xNkFNCNdC7SrWV0u0IwVAf2UF16XhLQEWmfSpUBbIC3bmFvgDKBvxZkwfv7J449id3LbfTDUMaBlySIFZ9f2GuilS5yrB7oXqj2AZphTgdY9CnOA1n+DcQ6VMfQ6iRUDnYJ0K6BrkabXQGGFM4A+xvm6k4cdgnGmoHUxpENAa5xD20ugR5n2bvVA+zLk2YDWF/1CQOsu3i6gQ604XEBrOCmoKR8/n6768/JrLr/37qa3X3EAkYGmx7Sc1i8BdA3SIaBLcN460D6cNdJ0P4a0D1wXzgB6QKBdz5sRaFcTNxfQunmd680NtYOOZdChTJpx/sQnX7kPei7BxjhzuJCW+20FdCnSPqBLcQbQp9je7pIDyuff7hFHwctpm6PnJAAdy6oBNDJoM6BlqcJ1EcEHtHyuBdAxpAld+sc4S6QlzhT0LyWTdtXDa4EuQdoFdA3OAPpWoH/QgbNEOhfolJo0gEYN2gxo2a5Z4+kCWjazc3XzrgGaSxvyVuOskaZ/GucY0hJofSwWQOcirYGuxXnTQBO4HOKxxtm1zeGxam538nlfsw+6z60/9ss9zfPk9gDa6P21bJVhDXSLkEC7hhj1hS57WAMdKmu4kJZAS5x1ucNV03YB/airbnBGLtA5SEugLXDeLNCnJY09tF924zG4EmG9/HRbqkdrpD/35GKB8sWHW/9FxePtAbRhBm2J5kwZtKvu7JtRxVXuqL1IGAKaxwCRIOtbH858MdGXRbuA9n0xlQCdijQDbYXzJoHW2fBD3nYr0o7M+LCctqFtdUbtATeEM4AeCOheJ7E30K5yRmyMC4tmdowmZ7qpSPM/jTMP+qSzZ5lFtyxx5CAda2aXi/OmgWZgCV1GWkItYWacGWj5fAA9D9BLDhHa4yKhC2YNtG87s3bQF129R5MwpVt6nIq0xpn+xTLz1jXoHKRjQOfivFmgJban9z/n0h8+Xi63k0HL7/M7t0QAaJQ4BgV6zRm0L0sOZdCu6a5qM+gUUENIS5zlRcYcoC1r0KlIh4AuwXmzQBOup9he9tyfvBXoc5ny/vYU6KNl57bZb5sBdAhpAA2gm7fi4BHeeBk/TmnF0aLEEUPah3NoPz6grWvQKUj7gC7FedMZNAN7ijQhzCGB5jjgrIAPlThCSAPojQDt6wTTciwOhppGd9td/4wDTnSflukLhlY9CVNKHASWC2kGmmvOGucY9r1KHCGkXUDX4LxpoGV9+RRpDgn30TJZp44AHUIYQCODNgeaMmPZ3ZtnV2GQGWyeRUUONcpzGLZsZnfIrj01afonLwjucVc4+5BeCmiNtAa6FmcAfeNxk7tAHJrWZQBdshxAdwZ69jkLGVKGWGfDcp5CxlkPsLQk0Ays64JgKtJLAi2RlkBb4AygbzzbWkNfRNStOzKBzs2uAXRHoNcQuhUHZ89ylgVZf5WA6xHtrIDmWncq0IxsbAQ8H9IxoOlYWwLNSDPQVjhvHWi+CHiEsGxSJ5edxqFGnQF0To0aQAPoqnbQXLpggHmmEVl/ZpgkslZAE8z8N11I+4BOHaLUhfTSGbSu5Vu/v1sKAlEiqy8OSrTlssM2Anc5LkdJyw0APQHQj3nN7x/Ngl0TtK9eQLuQljjHgC69SMjlFi6b6LkEc3D2lTRcw42WAm0dcjoker/XGHKapRZAHy766fbNok30mXbRalvaRy7QvB0y6ImAJlhLniNDQt8TaIm0xjkF6NJmdimzq6SGrx20nvaqtMTRGujRpkaqDQ20dcgehEGEA3if6VEIoAG0L9vW63rUoFOfG6pBt+yoYhWpGTSAbgf0s5/zUpPzSfuRQHPb5qO2zwptXdKQzykBGiWOiYGOffO7cHata92TMBdoy56ES8aoJQ7+8Iw40WjOhKR8/D2A5jr0fb/tu47KHbq0oevOtC09R9efcZFw40Cn4FxaLikpcbhGtAvN7l0CdGyApiVjtAyaa7czZ83ytUigra7P8GdGAv2E571gD+4e2wjQtA1tS8/JBRrN7FYE9KXvu3R/+5kHXpCMM1/Z712D9n3gLC4S8ngXo2HC422gxNGnxNESaLpP4PKFQw5ZzuCgbWhbek4O0OiosuIMOoQz/+eVTa+WuEioM+fUi4SxZnb8unyDEi0VfFwjlTjWDjSVJ1y3HL7H3NonBDQ/puyYg1GWyyTIqUCjq/eKgc7BuSfQrna4rpKHnmC2FOhRA0AvA7QPaxfePqD3Nee/96AjcCk75mCU5TIJ+v65kYuEGCxpxUDn4twLaDkBbEqnCt62BOiSoL9HWW7NPmoDQI9f4jg0mztF+gjfc8FAy2WHbeg5Cc3sMNzoSoEuwXlGoGM16FyYXUDL2jCABtCyxHHUGkNk0z6gaRvZ+iNW4sCA/SsEOoYzrff95G7VzI4xluNu5AIt95HaigMZNIBu1VFF15yPoHaEhNlVk8aUVxsAugZn7uLdEmiNbg7QctmagXbNqAKg64BuMas34yrBZagZa0ZZw8yZtQvok899wD5uwffeUaDl9gB6YKBLyxpyXUug5eBHuqwSGtSHkZalEgnNaC00asM3ah+AHgtozoo10rScs2POsnnZGZxVWUSCfcvzw0Dr7QH04Bl0aebcugbNNWTXOBu+43KN16Hr0KFpo2YOAD0H0LpMocsXugyim+TpDNoFbghpAD0p0Kk497pIKLt5y0w6pZu3HEzJBfQao/V/QABtW+KQ2TDNmrKfOeW09nx4LLJuX4nDB64PaQA9IdC+Dz33KpQ9DfX9HkBzJh0b61huE5rZGwGgRylx0LLdyW33wRk0P5ZljpIShwtpAL2ywZKWyqD1aHY+rH0oh2ZUQQDoJYCmrJjhZbD5YqAGmi8e8ra8/JBZJ5Y4NNIxoEdBWg5mtdkB+0cHOjRgki9i3bwRAHrJDJqB3uP4989iq0sYh21vd8kx7hkljuP7fqDlORhlpEEut24W6NpoOR60ayLYFKB71WW3DvSahxttBTSXLQ7wilvdBlre8nM00Psmc677vnWe7fn9ledh6eBjwZRXg0555UJihAtmAHr9w422bMXB5Qt5sZDrzrL+LHseypp1qBldaYw4pdlUJQ7LrqdbDCCLEscozew0umcu/gmcfUDP8P9lS62eADSABtAr6urt7MItyhu6p6Hu6l0LYo//L3e/5w37qdu+9uo/3UfvqeM45N+nYwLQABpArwBoy2mvYkCHIgS0a2q01Nl5WkLNc3kyiCMEf2EAaACNi4STXyScAeg9Ond93v74+TYl5HNaIU37pax1P/bN/z3x3vJ9/Vivc6133caCjwlAA2hcJJz4IqH1kKPWQEuca6IV0i6gU+6nApwLM4AG0ChxrKzEMQPQL3rrO6uiJdBcThgpUOIA0AB6ZUDLKaxS5yXUt7cA/SWmQNfizNEaaFdpwpcNu7arLWsAaAANoDcCdMq8hK45DO2A/pIjoJ/ywuuKs0l6bg+gQ6WJUA3aV4tGBg2gEQC6QYnDFmgCloGmL4K3vefGfcj7rmV0Xz8fJQ4ADaAB9KaBPrndl1cDTftwAU3w+souehltC6ABNIAG0OioIjqqEK5PeN4LioGm5/qA1hjrfxptAA2gATSARldv2dX79pfucWWkc2KPs9iHC2iJsQto+rcE0K72zjntoWub1gFoAA2gAXQy0Ix0ThzG6fAA7cI4tKw30CVtn1OW5WI9PNCzTeXUGmhMdQWglwI6daQ5F9A8pRtHbg1az2m5xhKHC++hgd4f9Lf/+u68ezx9itgfqxHSvv9E9O/Nb/qLKYMzIQC9TaBl5E4y3OP/C2MYmui5Nc58y8cwLNCM82xAWyHtw1m+qYTebI97IQ2gDYD+u/eqB/p0HzOUxCTQSyIt//6QQEucZwTaAmlf5sxvlgRwtsc9kAbQALoW6KVjSKA1zrMCXYu0K3OeMWP2PW6NNIC2KHHc16DEcd+pgMZwo5k4zwx0DdI666R43EOevL991FU3rOKxzLAx3Oh4cxLuO5pUAs37mAFoBnGkGGrA/j1EifCNGE64C4GWgI3yk6vFT7hWSGNOwnqgJbSlQPN9THm1gimvQkCnTt5aMiGtxf6sgUZb5rr4h/f8us2UOPavdfD3Y/hfJxv7fABoAL040Jd+z8+sHmh6jVsEOmd4UgANoAH0oEBTrBVofn09gS79Kd4C6JTSAIAG0AB6RKC/9JG7B33PW/bxjW/8vd2Dv/76w2O6P2PI46fXxI97AZ0y2asP6VZA3+ZXHhi8BdAAGkBPAjTd8v0ZQx7/EdDnXmsvnI8uTDru+5BGBg2gATQiCPSaYgmgNcY6jrbpBHSslRCAHgBoQpQhBdAIChpsZytA02vt2XXeNQb1GahXcpEw1qQQQA8CtPwbAHoOoJ/3k29fPdD0GnsDTfc/8KRrdy+/85WH2zMlj8mb2THA3/vi1+1++W0fcAatmxXq1ZU4APScQFOsFWh+fVsGOlR/pvX8uQ2FBpphfthDvtkJ81/f/Lf7oPu0DUO9aaBTTnQMUZQ4tgn0D/3G+3fP/zf/YVVBr6k30HyRMAR0r4uEEuj7Pv6qMyGBDj1fA8045wI9G9KLZdDWkfql0AtoDNifDvTbfveXVw80vcZeQHN7ch/Q3D67N9BUZ6aZVuRtS6BlAOiFgU6NHkBjwP58oCnWCjS/vh5AS6R9QPtwbg00oUxZs7wtAVrinAs0P54FaQBtDDQG7M8H+md/75f28a6PvW8/bdKagl4Tv75eQMtfcC6ge/YkzMmgQ605UoGm+zIANICedsD+K57467ulB+wH0G2RdtagFxgsKSWDZrRdSFtl0LOVOQC0wXCjenD7NQ7Y36o2TWj91id+FUBvAOgRMmgAvVGgtzBgfwugn/+Db9gDTbF2oOm1bj2D5iitQct2zxJoWb7QOMttJNAzIA2gMWD/ogP2E1of/z/v2QP9gT//zd37P/jOVQW9Jnpt9Bq3DrTsNVjaioNQvfFnP3CErQvpEM4UtA8AvRGgY7jlQJi6fcp2qfuT08fHtrX+D/i2d799fx4JsLUCTa+NXiO91q0C7eusIgFO6ajC2bMPaVe4cJ6lzAGgDYEubXPsA3XE/bUCmuKTf3nT7hN/Ttnmu/dB92cMefz/8+abDq9v60BbhCxvELQuqH2htwfQG7tIuIVoDXTp7OqjhnxNANoGaJ0VM7wurEPrADSAXh2o1MnBCq/9dFCYVHRYoHOGbdCliFbDg/LFPVfpQoPsy67pua6LhKmT7fYcKQ9AGwBN7YlTgsoEsfWp+4vti7ex/g9Drzn3nOtzRssY+hYo8et/4P1fN0Tw8cwIdGz4UN/FvJbjNzPQvhqzL+RzXDhzKe8hl12XFLx9S6QBNIBuBrQr29brAHTb+Qh9PQlTunprbF0g62W9gPZdFEy5cKjLGyU490IaQBsAnfpBpTcy9AFmoGv2pbdpBXTsp7wLZ9c6AG3/+jm79QEt188MdKz1RghvBtWHcwhr17atkAbQANoc6BScufQBoNvgnAK0C+kZgQ5h7dsuBvQoWTSABtBVQF/6vkv3t5954AXJONN9AD0X0L6as16+NNCpAaAB9OYy6BDOfH75PoAG0C2AdvUkLAEaJQ4AvSqgc3AG0H2AZoBluNavpcThAtmHtARaIluaPdN9AA2ghwQ6F+fWQNeMOcLPnx1oGozIN3u2XJcDdEosBXQoW3at0xl0CdJy+2ky6CXmIwTQywFdgvPoGbQ10ktm0BJjF9prATql3CGh9pU4cr/UV1niaDFh7FJzEm4Z6BjOPLWSK0ZvZmeJdE+g3/TBT3gzZx20bQnQdF5860bLoH31aAk0tfaoLXG4Or9MBbTMnJea0RsZtB3QNTjTuhlq0NZDyPYAmobxJHhTgsdjzgFaDqzvW98b6NhFwViJgx+Xvq9yHwA6AHRK+QRA1wNdWtaQ63CRsC3SKZHbUYVxZphcSPcGOlTGSG1mJwfwL8F5FUC3LnEA6L4ZdChzpjbR1D768gftvFk1gO7T1Tt34CYfthJneTFVIz3jRUJ+LAdRSg1+DoBGiWNIoFPLGjNdJFzLYEklMQvQrl6Cqc3sZL3YBXTucQBoAD0k0D58fRk09zoE0PMBPVKJI4Z0qNyhEQbQAHqTgyXFsmeMZjcf0KNcJEwdGzp1DOiaSWRRgwbQqwKaM+ceQI8WswLtypJ9mXNPoF0D7evBkmID61vgCqBXAHQI360A7Rq8H0DPlUGP0FElFesUMAE0gI7CuwWgXTiP1tW7dcwI9GhTXrVCfYR9dAF6hugJdAq6LYG2nlOvBGgXzi1LHJiTcJw5J7G/uv0VA50M34DhPPZGQKeA2xrolJ/eKdvSNrlA+3DGRcIxg9+f2l+1Eirsr3x/ABpAH/BImeMwB2hXNsH/eQH0uEDz+1ODi/xixv7K91de4nAgPSvQegAf6xLH0kCn/u0YbCGgXb0GQ93B0Q56bKDleyXryymP9S+n2maZW95fMdB3fMSHziA9I9DytQDocqBzcAbQ8wCtL8CnPC4BK5QI5u7P939uKaBjr60Z0Brp2YDWrwNA5wOdMychgJ4H6L963O6A78+++0OHSHnMz8sFNeULPba/VAh7Z9C5SJsBLZGeCWjXawDQdRl0DGdZBgHQ42fQj7rk6Xt06ZYj9XEpqLEv9ND+YiXZ2P5SMtvY6Iy5x9cFaAZupnAdP4AuBzo1c55lwH4A/YAjfCmjlhB/+q8fc/T4Np/ZHSHdCqycDDU3I08tP7hKKa2+kMyAvvBZHz+zbNRwHSuALgc6FWcug8gBlwD02EDTfQk0P2ag+TEDzSWPVj/5U2u8JTXtnBqx3rZVSQdAA+gqoEsyZ5Q45gGa3ysCmpfTLQEtHxPQGvYWF830/kL7Cq2LAR2bdKIG6JyLogAaQBcDnTvtVa8B+9HV2xZoCgJavpcEtHxMQPP9ENAlOKeC6tqXb5se+6tBGkAD6Cqga3BGBr1doC0z6BYZr2VGjgwaQC8CdM2chAAaQFvVoFvVjK1q2qhBDwJ0rHt06nCUOV2zU/bbYn8pcxJiyqt1AP2ib3lVUU9Cel6PVhwtW11YtApBKw4AbbK/R111wy3tXs/d5gKNOQnX3Q66ZLjRXu2gl2i3bN1Ou1s76C0DTbD5IrZeBg+ulLJtynap+2PI6Ta2P9+chBJnbk6n5yHEnIRzAc3g5nb1XrInofXYGS3baXfrSbh1oGNX7nOu8qdun7Jd6v7kcKOxbX3toEs/IAB6TKCppszQyuw49fGSY3FYD27Uop12t7E4APS2gOahEGtwBtBzZdAlgdHsBhjNDkAfA136ZvhAHXF/FoORYzxoDNiP/TUesB9Av7foIsXsYT2lDzqqYMor7C8w5RVp/dbf+9CQ4ZtotPYLxBLokrj/Q6/ZXfK9HzmKp/30H+9vW8whaBmtju+hl12xe/ZzXroPuh86Blrv237kLyRrCFp8wSEGm9CWMfyOH7lxqODj2irQFtlaymti5DhSgbY+vlSgebsQ0LUlDlmS4Jpi7nRFVhHaX4sSEWJAoBnEkXDmW2TQbTJoxu3HP/ixo4hBvWQGrbcZDWhXtm1V13TtD0BvCOhRkNbHs0agr/7O6/YgyyAc6TZ3kBbfBcBY1kx/7yUXPPkoeD1DnVPqqD2+GNB6fW+gS0oh1qWVHq1gEAMDvTTSrmPZMtAStxT8Qtu7cP7s+ecdYnf9Mw7b0LoY0tbHFwLatW5JoGWHGwucc/cnZ30GYhsDWkLZCyzfFwOAdoPmWpcCtA9niTQF3Y8hbX18PnBzl/fOoHtnztzuHEBvGGjGWV9AahWM9JaA1rVfLi3EAMxdroGm23vd78lHEMtgrGkb+ZxUoEuPLydLXhro3AlyfcFzNKbur8d42ogJgA59MFuED+k1XyS89l0fPgrCmW5Ls9BcoF04S6RLgK45vtQa8ygZdO542FaZM4AG0AC6Qwatl8nsuaSGG1tP4HLIxxpn1zb8uOXxpbTQyAW6NnxAL40zgAbQAHoAoC+7/Jp90H3GKNRiQm6vceas+L5P/8MjcCXCejlvKzNqH7ix7L0E6JT20L6OKhY4u4BOmayASxZyVL9SnOVjuT8ADaAB9IJAW4FFsNIbzQA/8eV/doDXlRnzctqGtuXHvI8Q0LExdHsBnTtIVWjwqJI5GLlVhm6dYVkmAdAAGkA3irf93E3dgWZgCV1GWkItYWacGWj5/J5Al5Y4WmTQOZjyxT++tcYZQANoAN05g24FlkRZ3r/2xk8eLZfrZNByPkcxoC1LHBYXCS1r0LVzMPqGpsxp/dFjwgMEgEYG7cigW4HFwDK2P/p7twJNmTLdMtByGW1D26YCbX2RcKRmdiPgjAwaQAPogYEuBYszYwaWkSaEOSTQHIyzBr5XM7uROqoshTNq0AgAPTDQr3rtm/ahYfLdd23PQMv6MiPNIeGWy+T2KUBbd1QZpau3xpTrxzFYXSUJH86uTisocSAA9KBAy/Ov3wsJEq/zba+Bls3mQqGb5aUCbd3Ve4TBklwtOWKzRscy51B2nDNnHRAD0AB6MKBd63OAdmXHriy7FGjrwZJGGW40NXNOwdk3vkdq2QRAA2gAPTDQoW18QPNFQImwbFInl3FwjToX6NyWHiMP2C+nMgoNnu8b01nPV8eRuo+eczoiADSANgI6pcRB9yWy+uKgRFsu45C4y/2mDm/q6jjSGmjLOQRHnPKq5ZyOCAC9KqDlbCgyaEAki3OS8l6EShx0ny/66fbNsk20bhett6V9lADtmiarZYkDH+p+kZLpp0zyK6P3a7j4xpt3MgA0gDYHOra9zJ59CIfw1uWNJTLo1IuEs+B2t3/1pzuOLQLtA3kpqCXYSzwXQE8GNDWXc90v2Z5LFLL9swttXdKQz3EB3WvKq5xmdjMBLW+3BDQD7JtyTW6zFNIpWXWP7BtAVwItZ0ORkdKdu+f5JWTf8RcfOyp36NKGrjvTtvQcXX/u2Yojd3nLTLdV1Pyt2YCWOIemXFsa6Vhm3KscAqA3BPQf/e1H9+DS4xjQtA1tS8/JBdqqHXRJz8kWWW7PjHrkY6wF2oezb8q10ZBeolYNoDcENN0ncPnCIYcsZ3DQNrQtPScHaKuehKVjj+RmwTPjnPL8ltl3CdD8fyE25ZrcFhk0gC4GWs4nKGNUoPkxZcccjLJcJt//VKAtx+IoHb0vB7CU5b3LFDXlEYvX3gpo3REnNuWa7rSDGjSALvpbcj5BGbUXCS2D6sn3e9g3H4FL2TEHoyyXSdDpubFWHC2mvCoZ/zp2QU7C5kIqBb1W4JXsI3a8Oa+9FdAMMv8fkPBqnCXk/H+Fn4tWHAC6KovOHfO5J9BUV2akJb4UDPTRF8/pNvSclGZ2o0x5VQN0Kc4WSFs91/ealgKa32vG96Kr33hAOtQaiLahbRnxVuUOtIMG0EOUOGRrDJlN+4CmbWTrj1iJY5QZVXKA9jV3yy1ZWJcoLJ4f2mdvoGlb/j9wj4e/8oC0hFrCzDjTtvx/pdcFQ2TQAHoxoDkk1K6QMLtq0j2A9g2falmDjmWgKYjVZr459WTLY+8JNEGrS2G0jNbr7vUMs2v70OBRqEED6CygU8bb6H1+JbgMNWPNKGuYObNOAbq2xKFBDiHtW5cDoUX9uUVpInefqc9dohWH/vJ2Teirr2HIbXRvVMZb3jLeaMUBoE3nHewVnBVrpGk5Z8ecZfMyjbMui7S4SGgxQUEpqqnlBuuOLCl/p7TE0brZYE4GLWvRfNEvFNzKQ5ZGQkDz/6tNtIOWSPcIF86zAz1SBi0h1nVnDbSuR/Py1s3srCYosMxee0FXk6GXvo6lgNYlCb5wyBcEfc3yQiUOnUlblz2Gy6B5WS9A5N8E0G1LHDIb5k4BXHvmxzLrTi1x1HZUsZqgoCXOvZEuKbP0RDoXaL5YKP9PyAuGjLTchrF2lTFCiUEN0EPXoH0ZdY9wHQuAblPioGXctZbB48eyzJFa4qjt6m01QYE1ZqEmeb3G6EgZZGkJpHPaQR9acDi6fnMG7WqpIbNi17geMsPWmfrqWnEsibPrGEqBpk4ihLAM6n7tus9h3bFkJKB5nANGlm75YqAGmi8e8ra8nDPrVoMlWU1QYI1z7YU1i0zc1Uwwpw7dCukcoGOtMELhuwhokUFP0w56BJw10gDaLoNmoAmzR37DvwwO+C+zbuqgInFvNeWV1QQF1plzyzJFi7/R87XlAq2Dm9TFlsWA9v3fW00GPRLOEmkAbQc0ly0YXnmr20DLW35OCdA5A/ZbTVAwEmBLXUzs9RpLxuLIBTp0wS+Wea+iBk0nkTEcLVwzIgPo8lYcXL6QFwu57izrz7LnoaxZtwTaaoKCLeK81GstHQ86JzY/HvSL3vrOnUU88Nt/HWEYVu+LD2jdokO33EgB2mJGlZHAWgPQW/pCsoj7Pv6qnYzaz9twQDMo593j6QjDsIJad/V2deGW5Q3d0zC1q3fpRcLRMsq1ZNAAOi3056UGaXruMEAD5jmgjgEdilKgc5rZbTmDtp7eChl0PdAMbUpW7dpucaAB81xQ9wY6d/lMGbT1/IMtexUC6HKgU7JqH9yLAQ2Y54S6J9AlXb1nyaCtR7ZLGddDf2nU7B9AlwOdk1V3Bxowzw01IfgDL3t5c6BLB0saDeiUziI563IAtcq6cweDAtATZtCAeR1QWwFN+9DgXnb5Nfug+9x5JNSiQ24/awYdQrR2gH6LIVBz9wOgJ6tBF8Nc2I0T4QkjqFsB3XKKqp5Al8BngZ1vvI/cYUQB9EZacdTCTAMOXXzR1WcGIULkBZ9DK6gJwX97ww3VQNM+1gp0zgU43zjOpUBbX1hMGWMaQE/UDtoCZo0Loh5oOcpeDdQMNM/eXQI0PTcFaKs5BJcAOnXcjFYljtBFQotM33JyXGTQHTNoC5gBdDuga6EmBN/yq7+2v2Wkc4KeI/cRmkMwhPRoQOdmqKlAt5zF2wLoNfWc3EQN2gJmAN0e6FKoNa4Ebk7w82JAhxAeDejS+fysSxxWY0Snvp4RZohBKw5roBNgBtD9gM6F2gV06iBLMaB7zSHYoutzzSwqOeNHp2brVhch0ZNwZe2gLWAG0P2BToW6FdC95xC0RHrEEgeARgadBnQBzAB6OaBjUBOCv/o7764GWu6j9xyCLQbNz/2537onIYBGDToMdAXMAHp5oH1QLwW01RyCtYMQWdVjATRacSzTisMAZgA9DtAaakLwvf/tP1UDLffRaw7B2oy5pBVHrFdfq8GSLGYax2h2K2wHPSIuANpufzyTdy3Qch895hBsmUGPgBUyaGTQABpAn4G2FGj9vJZzCM48Tx+ARg0aQAPoLKBbRKs5BAE0gEYrjoZA3/2eN5gGgK6LLX/4rLGaYY7D0YA+92+HqIgWQFvtD0ADaAANoAF0A6BrcLXYB4AG0CMCbdkSxHKar1ZQxwDS/4AyMmgADaCLsOqRQZe2t441G0wZSa8n0D6QATWABtAAetgShy/jrulQE7sg2TuDZoBfcsGTj4IvHMttAHQBmj44AXQ7oEsvmgLoOYEuHfPDolt7S6Alzp89/7xD7K5/xgFoWgekM4GWQADoZYAugRpAz1eDjg1lmjPqXqh+3QNpiQ33bNU4S6Qp6D5n1PQcAB0BQ6MBoJcDOvS+AOh1lThCY1DPMmC/C2i6lRDLYKzltgA6ADPBsHagR2qXnQM0vzchqAF0WQeRnoPstypxjDDllQ9oF84SaQDtAVrCfOGzPr4PAD0m0Pz+hKAG0DYD9ltNU1VS4qjJoJeeNFbWngnbu97l6Qd4KTTOcpAv2nafbW+5Fq1hljj70JBYSLhaAM0IWcUsQOu/5wKa72uk5ToAbZdNpmbYo5Q4aibQtQSa/nFWfNHVbzwgLaGWMDPOtC1n25tFWn6g6WRwZiYRcAHtumjYAuithQTada410HzLv3R46Fh+XwG0zaSxseZppftM+RsWXyRLAS0vDNL9ezz8lQekJdQSZsaZtuUse7PlDj2GsPzgyw976Oc2PebnzlriyLltnUHTuXSdYxfQvvcMGXQ+ShYXCWMTyaaWOGqn1ioZjKkV0HTLwBK6X/ykN+4BllBLmCloGwaaB9UC0OLDLj/oIaD5p4ksjwDoOqAZWvkehEoc8osUQLcHOlbKsMigQ1lw6vGPMBYHo8zYMtAyGGe9XD6H7wNoB8auZS6YAbRdb0wNta8Vhyv7BtD5KJUM5RnKent39bZqFtgCaMKXgeX7DLMGmm9pG75IKO8DaIGxq3WAC2bZ2gPtoOuBdrXO0Bm16xcLgC4vSVh1w7ZoxVHabG/kDJqB1Ui7Mmjf9gBa1TN1bdMHc8uLhFvtqKLPr4Y69D4B6DYdSyya2bV+vaMNN8pA61qyrDtLiOUyXbsG0AJgCaQPZgw32qcdtA9q3YIGQNuMZmfZWWWUdt+jAC07ooRCd/cG0IGaq2x+52tLLH+eW2Flua81jGYnS0kaaN+XGoAee4D9rWXQDPBRK4/Tlht6uXwOgE4EOpTVSsRbdizZKtD86wVAL5dBz9pzcgSguWQhO6nIpnaMtNxG7wNAR4AO4YFJY9uPqQ2g1zNx7BZeq8R130nF0UaaM+ijZachnwugC4DWXb2BbJuu3gAaSM/4GiWuugkdt2+WGMt13MIjFWhXLbsWyBb77AJ0qPsxwq7Eoc8zgJ4LMOtWIbN9AUnkZJM6CbRsXsdAy6Z3KTDKDi2MeS2och9630PXoEOj2QHZtjOqAOhl5igs6W7dqtle7ih1S/460EC7MmgX0HJ5DFq5b95el0hKcJbZvetvDAd0rNkbgG4/JyHX+gF0/5YdoS7WrSN2PKOWblxAS5xdQDPSKUDrDJcvMj77OS/dRwnSEmfej2xNIjN0XCTERULUoAdAeumOKCWD9I9QV5eIMsypQOsehT6c5f54/GhuBZKLtMaZ98PjWcvj64K0BdApM3sg8gZL8iENoMdBeumOKDNc9HTVoHVN1wW07uKtIfRl5Aw0/5NIx8bz4L8pcZb/NNBdyh01QEuYkUG3GSxJgwug+0OXWnZImRWltidi6SwpI2TQjJmE2Ae0bl4nEdT1YFmzlhm0RjqWRfPf0zjLDFrW0LvUpEuA1oD4psZC2A2WxO8FgC7vYZcz2JDFTCi1MNaOWld6HloALUsCGmLG1QW0fK4LaN9FRZ39xrJonT3rLDzlbw5xkdA3LRYuEra5SOiCGkDbQmeBa8qMLS2AHr08IzNT2cwuBrRsZiczXw2lzKLltrlZdEr2rIdJ1cfQBOkcoDl8XbEBdBug5S8U32BJADpvpuycFhG55YiaEkfNBLOx11TSTNASaNcQo77QZQ8NtG/gf1+powTolNKGPJZFgNYZc+hiIYBu18xOnntX6QNA5wOdOnZFzyFGa4c0DTXJGwFoDbVvRhVXuUNn47oZnm7OJy8YxgZd0oM6yQuDsb+js/wuQPuGF3UBrSeZRdQD7TrHcl0MagBdhlQt0hbw1ZRWal57T6Bd5YzQNhJo3WpDZ7Q+VEMzs7hajej9uP6ObnbXHOjYuM/IoJfNoGPjRAPodPBSlrcuUdS2/rB4jb0uErpg1kD7ttMXCWk53XeVS2gZr9OZekozO/282N9p2v1bwxwb9xlAjwO0a5xoDTWATm8qZwlY75lULF97qwzalyWHMmjXdFcMKd331bBdbaVTO6q42jiH/k7T+RJdUymVDMp//lM+AqCNgKZzmQO0bn4nL+oC6P7IjoLzCBFqxUEzplDwMn4casUhIY3BqQc8KhkkiZfFvgiadVThA6EPeAnQhAmDcv+HXmM+YP/Wgs6hPq+5QPN7qcfWRdhm31ZlihYTyI4GtKtzCU1rtbv+GQfs6D4tc3UCCQGtL95Zwtnr73iDa810mwO0BIRuGRcgWw80n18JdQ7Q8j0FsmNcnNzqOWDAKDOW3b15dhUGmcHmWVTkUKM8h6Ev001dXjvsaOu/E7xImAO0hlnjgqgHmkOe6xygcZFwrOx760AzxPqXnZynkHGWcxIy3D4g+T7/c62zyqJb/50qoDmTY6BTcEHUAy2h5nMfqlEDaMSIQMtWGhJgXqdLCJxFx5rGbRJoF8wyiwvhcsn3fgRREaEvOf3rRUPtAvqrHv3wo3jkt37H7ikv/rGjeMyznn1mO1qmt6Pn+vYn9xvan9yO7gOxbQCtW2UwwJQdcy2as2weHlS3d97cfIQhoF01ZtmbTcc9X/RRAG0ENJ1LH9Cu0gffdwGtkSUsa5ZpYGuXAbFtAu1CWuIMoB0dVRhoX43ZBTRhInHh+7XNzbYMNN/XULu+HPWvGx6jwwd0KAvO2U5mzjXbAbHtAi2R1jgDaAU0fcAl0LEaqYSZ4+rvvG73tJ/+433QNnw/N2qeO3vQOdTnlaEOlT8k0LL0gQwaMQLQ3OMu1qXbBXSXWq8jYm2su4T8iSwvEubWmR/76v/uBJrWpeLE224daDqXufVpPU40v68W2XJuDTpnOyC2nQya0csBunlX6gDOusu3bMPdNYPmjDkENGfMGmjChHGhdRrbkqh57uwhz6GGms99qEbNHVX4SxcZNGKUjiqMNIcPZr1NtwlaFc48YayOrkjLD7gLaF3KYCQkzDL7+/EPfmwfjOyv/tlvHMJXb5bbMNC8n62F/BWiodZfjq4aNQPNgRo0YpQShyx1aIhdcJd21bbCWY4LrceV7oa0D2hXjZmC1vt+mr/t527yAk2P6cVJjCloGa3zAX3tuz68qaBz6EKags696z1hqFOARgaNWApo31gXrvsa9R5AS5z1YP96EP9uSLtGQvPVmPVPcIaZM2fChV8MrZMgM9au7FkCzWDzfrYW/CXH59VV/vDVqF0jEqIdNGIkoPV4FjnregHtmo3FN8tKc6D5A51SY+YsTsNM8a5P/WUS0LTPl9/5yn0wzDLTls/dKtB0LmXJg6HWv15CNWp+X5FBI0Yrcbgg9uG8RAY9FNC6lMEZtKvGzDATBBJmhiUFaLrlQVHkMgD93jPnUUJN59xX+mCo9a8fem9Rg0aMCHQI6tBzNge0hjlUY47BHAOal3PPIbkMQL/36ByWQC3fQ35fkUEjlgZalylSB87v2f7ZNcWVD2jXlFpNgeaLS7EacyhjzgGa8QDQfqBjGXWoRs0Xe+kcowaNANAnyTOphCaJdSHedDYVCvp5zDjLOid92FNKGalAM9K66Z1+DKBvyi59MMzy1w+9p/TeIoNGjAJ0zgW/3h1T5Mh6rgliXRPGyhH4mh2bq6NELsypQKcEgL6puEatf/1QoAaNGA3oESM09Kkr9HbNga6BOQS0bEIXC25eB6DrLiZKqJFBIwB0WRfvUHfvbh1VLGAOAV0SANqm1QcFxuJAAOj0GjTdTwW6+YzeFBYwu3DJLW3IeNdH3w+gjZrnIYNGAOg8oGUZw1d/1pPJNjs2C5hrcUHYnUMNNWrQCACdXoNO7UzTbZwQC5gB9DhAa6iRQSMAdPns3b6u591m9cZ/IgQCAaAHDfwnQiAQABpAIxAIAI0A0AgEAkADaAQCgQDQABqBQABoAI1AIBAAGkAjEAgAjQDQCAQCQANoBAKBANAAGoFAAGgAjUAgEAAaQCMQCACNANAIBAJAA2gEAgGgEQAagUAAaACNQCAQABpAIxAIAA2gEQgEAkADaAQCAaARkfjUr92wQ5QHPoR1cafbX7L74n/y+n086gdu2l18/x9cVdBr4tdHr/WL7nbtpgL/xyu/4IAsgAbQABpAA2gAjQDQABoBoAH0zEDz41lRlscfAvrO/+AbVxkAGkAD6BUDTbczZ9Py+GNAr+2iFoAG0AAaJY5VlDgANAJAA2gADaABNIAG0AgADaABNIAG0AAaQANoAI0A0AAaQANoAA2gATSABtAIAA2gATSABtAAGkAjADSARiwPNP3nmylaAz3b+dABoAE0gF4J0PQf7/5Pe+fuvLs/dYqgY7VC2ocO/fvpV/2PKYP+9UIaQANoREOgGefZgLZC2oezzEYJvdke90IaQANoRCOgJc4zAm2BtC9zZtwkgLM97oE0gAbQiAZAa5xnBboWaVfmPGPG7HvcGmkADaA3NLvM0W0zoF04zwx0DdI666R49Fc8YX/7yK9/xSoeywwbw43aDjcKoLeBcmyZOdCp8I0YrmMvBVoCdpcLnrzKaIk0hhsF0KNktfxPrpPL9Hq9nW+5zpxdf8P7HGug7/7Yn0iKu134nORtLfdnDTR+utXFl9714ZspcdBr3RrQox9vaikidP/C5z9/H7Fs2QW1fq7eB4AG0IsD/cBn/8TqgabXCKDHBtqX8cbuu7LvVKB9mTuABtBDAU2xVqD59QHoISMpm025H6tBh0od3iweQAPoJeNL7vKQ3QOuft0+/vF179k96Kt/6PCY7s8Y8vjpNfFjAD0u0KUZtK9+HSqZpNS5ATSAHhZouuX7M4Y8fgk0vVYAPX4Nevp20AAaQLcEek0BoAH0NEATogwpgEZQPPOK524GaHqtABpAbxpo+TcA9BxA/7PvXz/Q9BoBNIDefIkDQM8JNMVagebXB6AB9OJAM5ApgRIHQgL9r1/zi7vnXvXKVQW9JgANoKfLoK0j9UuhF9AYsD8d6Le85rWrB5peI4AG0JsFOjV6AI0B+/OBplgr0Pz6APR2gHa1lQbQAwCNAfvzgX7za1+zj1/8mTfv3vKK61cV9Jr49QHoubp6p6zLGWQpa5Ak/geg7YCebcD+xz3453dLD9gPoAH0iBm0C+LQoEgpvQ1D+/JtD6ANhhvVg9uvccD+VrVpQuumtwBoAD0G0KFM2Qd0bMCjlAGWAHRjoLcwYH8LoJ/77B/ZA02xdqDptQLo/P2FwrrEEULYtS60PDW7BtCNgcaA/XVA//Ev3AL0b//cT+5+8/X/blVBr4leG71GAF2/P+vzV1NrTnlOShYNoBsDHcMtB8LU7VO2S90fb5OyrTXQb3n5q/fnkQBbK9D02ug10msF0GMDnTN1FZrZTQZ0aZtjH6gj7q8V0BQf+aXX7f7kbT92DrQb9kH3Zwx5/B/9pdcfXh+ABtAAesGLhFuI1kCXzq4+asjXBKDnBRodVQD0FKDSDCFWeNG+WkxCO3IAaAANoDsDTe2JU4LKBLH1qfuL7Yu3sf4PQ68595zrc0bLGPoWQPPr/6ovvX6I4OMB0AAaQAPoYYB2Zdt6HYAG0AAaQDcFOvWDSmCGPsAMdM2+9DatgI79lHfh7FoHoAE0gAbQALoj0Ck4c+kDQAPoUTqqAGgAvTqgH/iL99nf/r+vvFMyznQfQANoDDcKoAF0xww6hDOfX74PoAE0gAbQALoT0Dk4A2gADaABNIDuBHQuzq2BrhlzhJ8PoAH0puckBNDrALoE59EzaGukATSAniqDbjFh7FJzEm4Z6BjOtN7X0mP0ZnaWSANoAD080DJzXmpGb2TQdkDX4EzrZqhBWw8hC6AB9KaBTimfAOh6oEvLGnIdLhICaAC9oRIHgO6bQYcyZ2oTTe2jL3/QzptVA2gADaA3BjRKHP2BTi1rzHSREEADaAANoKcH2oevL4PmXocAGkADaAANoBccLCmWPWM0u2uj40zMGgAaQAPoSYHmzLkH0KOFBnoLAaAB9BRAh/DdCtCuwfsBNIAG0AB6UaBj8G4BaBfOo3X1bh0AGkAvDvQM0RPoFHRbAm09p14J0C6cW5Y4tjRHJGLdUQx0KnwjhuvYWwGdAm5roFN+eqdsS9vkAu3DeasXCYEOAkAD6CygGY+UOQ5zgHb1OORu3gAagWgItAvpWYHWA/hYlziWBjr1b8dgCwHt6jUY6g6+1XbQQAfRBeg7XvaHZ5CeEWj5WgB0OdA5OANoBKID0Brp2YDWrwNA5wOdMychgAbQiM5AS6RnAtr1GgB0XQYdw1mWQQA0AtEJaAZupnAdP4AuBzo1c55lwH4AjVgV0Bd+04fPLBs1XMcKoMuBTsWZyyBywCUAjUAAaADdCOiSzBklDgQCQAPoxkDnTnvVa8D+kbt6Ax0EgAbQzYGuwRkZNAIBoAF0I6Br5iQE0EAHAaC7Ah3rHp06HGVO1+yU/bbYX8qchJjyCkAjADSANtrfI7/+Ffvt6DYXaMxJCKARAHpooAk2X8TWy+DBlVK2TdkudX8MOd3G9uebk1DizM3p9DyEmJMQQCMAdHegY1fuc67yp26fsl3q/uRwo7Ftfe2gSwfwB9AIBIAG0EZA83ChNTgDaAQCQHcHurTbuQ/UEffHQNcGxoNGIAB0F6C3FK4mdqVB+0JHFQQiADRlMz/1+ncPGb6JRmu/QCyBLomvuve37e73vD84iqf88G/vb1vMIWgZrY7vwfd69O6ZVzx3H3Q/dAy03rf9yF9IFLe7/c2bCiBbCTRj+O3XvG6o4OPaKtAW2VrKa2LkOFKBtj6+VKB5uxDQtSUOWZLgi6I5pZvQegCNyAaaQRwJZ75FBt0mg2bcfvTtv3UUMaiXzKD1NqMB7cq2ATSQNQF6FKT18awR6KuufPEeZBmEI936IMy9QBnLmunv/fM7XnkUvJ6hzil11B5fDGi9vjfQJaUQ13YSry+627WrDADdCOilkXYdy5aBlril4Bfa3oXz39zh8w6xu/4Zh21oXQxp6+MLAe1atyTQssNN7pCrGuiTk5NVBYBuDLSEshdYvi8GAO0GzbUuBWgfzhJpCrofQ9r6+Hzg5i7vnUHnjocNoBHVQDPO+gJSq2CktwS0rv1yaSEGYO5yDTTdfvnFlx9BLIOxpm3kc1KBLj2+nCx5aaBzJ8gF0AhToEMfzBbhQ3rNFwmv+bH3HwXhTLelWWgu0C6cJdIlQNccX2qNeZQMOnc8bACNANATZdB6mcyeS2q4sfUELod8rHF2bcOPWx5fSguNXKBrwwd0Kc4AGgGgVwT0pZc9ax90nzEKtZiQ22ucOSu+z+W/ewSuRFgv521lRu0DN5a9lwCd0h7a11HFAmcX0CmTFXAJRI7qB6ARAHpFQFuBRbDSG80AX/7CjxzgdWXGvJy2oW35Me8jBHToHPYEOneQqtDgUSVzMHIrD93aA0AjAPQEQL/p+9/cHWgGltBlpCXUEmbGmYGWz+8JdGmJo0UGnVPWuPxBu6NbAI0A0JNn0K3AkijL+9e84r8eLZfrZNByPkcxoC1LHBYXCS1r0LVzMAJoBICeOINuBRYDy9i+6hf+5AA0Zcp0y0DLZbQNbZsKtPVFwpGa2VnhDKARAHqlQJeCxZkxA8tIE8IcEmgOxlkD36uZ3UgdVaxw1mNxAGgEgJ4Y6Fdc+yP70DD57ru2Z6BlfZmR5pBwy2Vy+xSgrTuqjNLVW+PM9ehQ70LfHIwAGgGgVwC0PP/6vZAg8Trf9hpo2WwuFLpZXirQ1l29RxgsydWSIzQ6n296LwCNANAbANq1PgdoV3bsyrJLgbYeLGmU4UZTM2cfzgAaAaA3AnRoGx/QfBFQIiyb1MllHFyjzgU6t6XHyAP2E7yMs28saN86+VwAjQDQGwI6pcRB9yWy+uKgRFsu45C4y/2mDm/q6jjSGmjLOQRbTnkFoBEAujHQcjYUGTQgksU5SXkvQiUOus8X/XT7ZtkmWreL1tvSPkqAdk2T1bLEMfoHbmtAj368ABpANwc6tr3Mnn0Ih/DW5Y0lMujUi4QAGkADaADdHGhqLue6X7I9lyhk+2cX2rqkIZ/jArrXlFc5zewANIAG0AD6EHI2FBkp3bl7nl9C9sb3/9ZRuUOXNnTdmbal5+j6c89WHLnLzT8kP/2pnWUAaAANoAG0E+j/8qH/vAeXHseApm1oW3pOLtBW7aBLek6a44wMGkADaADdA2i6T+DyhUMOWc7goG1oW3pODtBWPQlLxx7JzoI74gygATSA7gy0nE9QxqhA82PKjjkYZblMvv+pQFuOxVE6el8WtinLU8sXidsDaAANoDsCLecTlFF7kdAyqJ5836/8hiNwKTvmYJTlMgk6PTfWiqPFlFcl418HwdWguoDW2BqXQwA0gAbQnTuq6MH2U8d87gk01ZUZaYkvBQN99MVzug09J6WZ3ShTXlUBXYpzxnMANIAG0AD6zPmVrTFkNu0DmraRrT9iJY5RZlTJAlqvKy1xZLT6ANAAGkADaCfQHBJqV0iYXTXpHkD7hk81rUHHMueULDoz0wbQABpADwB0yngbvc+vBJehZqwZZQ0zZ9YpQNeWODTIIaR965JaceRCDaABNIBe12BJI2XQnBVrpGk5Z8ecZfMyjbMui7S4SGgxQUExqqkljsqOLAAaQFcDLZHuES6cZwd6pAxaQqzrzhpoXY/m5a2b2VlNUFB0QS+nxFHZPhpAA+hqoHlZL0Dk3wTQbUscMhumWVMouPbMj2XWnVriqO2oYjVBQVOcDZAG0AC6CmhfRt0jXMcCoNuUOGjZ7vpn7IPB48eyzJFa4qjt6m01QYE5zqEmeRiLoznQtL9QbAroJXF2HUMp0NRJhBCWQd2vXfc5rDuWjAQ0ZcUML4PNFwM10HzxkLfl5ZxZtxosyWqCAnOcUy8wJmbbALpuf9bnbxqgR8BZIw2g7TJoBpow+5pHvCA44L/MuqmDisS91ZRXVhMUmGfOxgMuAWgAnQ30SDhLpAG0HdBctmB45a1uAy1v+TklQOcM2G81QcFQOKMGDaBrgaaJLRnD0ULPiAyg61pxcPlCXizkurOsP8ueh7Jm3RJoqwkKRsYZQAPobKBf8LKf3FnE/Z/2ToRhWL0vPqB1iw7dciMFaIsZVZr+By8BGUAD6DUBzaCcd/enIgzDCmrd1dvVhVuWN3RPw9Su3qUXCYcCuvRCIIAG0KMBDZjngDoGdChKgc5pZocMGkADaEOgAfNcUPcGOnf5VBk05iQE0KMCDZjnhLon0CVdvafJoI1GtgPQ6KhiCjRgnhtqQvD7vu27mwNdOljScEDH9hUanwNAo6t3L6AB8zqgtgKa9qHBvfSyZ+2D7nPnkVCLDrn9tBl0aNB+lDgAdGugS2HWzagQdWEFdSugm05R1RPokvJFRTYOoAF0EdC1MNOAQxd9/jPPDEKEyAs+h1ZQE4Ivf8EPVANN+1gt0Dmzrvhm8QbQALoF0BYwa1wQ9UDLUfZqoGagefbuEqDpuSlAm80huATQqUOMosQBoHsCbQEzgG4HdC3UhOBPvfwN+1tGOifoOXIfoTkEQ0gPB3RoAtkaoJFBA+glgA7BDKDbA10KtcaVwM0Jfl4M6BDCwwFdMg8hShwAekSgU2AG0P2AzoXaBXTqIEsxoLvNIWg01GfWXISlFwlR4gDQPYDOgRlA9wc6FepWQHefQ9ASaZQ4APSsQJfADKCXAzoGNSH4jn//E9VAy310n0PQGumSlhzoSQiglwS6BmYAvTzQPqiXAtpsDsFSkGPZMYAG0DMAbQEzgB4HaA01Ifiu17+5Gmi5j25zCNZmzCWtOEIDJjUYLGmNAaANgR4RFwBttz+eybsWaLmPLnMItsygF5pNRWfQWwgADaABdARoCW0p0Pp5TecQXHK4UQANoAE0oifQLaLZHIIAGkAD6HZA3+0LX20aALpyf4P/B5wK6AFnaEGsO5oAbbU/AA2gATQCQDcAugZXi30AaAANoBEAGhk0gF4T0LFmdgAaAaABNIBGBr3V2BX+A9CnaPrgBNDtgC69aAqgAfRaQd4C2CclMAPoZYAugRpAA+itwbwmqE9SwNBoAOjlgA69LwAaQAPmdUF9EoOZYFg70CO1y84Bmt+bENQAOmOM6BSgSwIoL47zrEifhGC+8Js+vA8APSbQ/P6EoAbQRgP2l2bDAHoYnGdE+kTDLHH2oSGxkHC1AJoRsopZgNZ/zwU039dIy3UA2mjKq5wMG0APi/NsSJ/IDzQNT8mZmUTABbTromELoLcWEmjXudZA8y3/0uGhYw9YA2ibSWNjbaZL9wmcgXRqiYOB5g+4/LCHfm7TY37urCWOnNvWGTSdS9c5dgHte8+QQRdcDLS4SFgwkSyABtDZQMsPeghoHhhelkcAdB3QDK18D0IlDvlFCqA7AB0rZSCDHh7nWZD2Ai1hcC1zwQyg7Xpjaqh9rThc2TeALkAzd0or36SxKHEA6F5Au1oHuGCWrT3QDroeaFfrDJ1Ru36xAOiKkkTNDOFoxTEt0Of+nYwcwRq0rm36YG55kXCrHVX0+dVQh94nAN2oYwma2QHoEYDWLQl8MGO40T7toH1Q6xY0ANpoNDvLziq4QAigrYD21Vxl8ztfW2L589wKK8t9rWE0O1lK0kD7vtQANLpmA+gNAR3KaiXiLTuWbBVo/vUCoBfMoBEAemSgQ3hg0tj2Y2oD6Lknjv2Lu9xjt6UYvR306oHWXb2BbJuu3gB6HUgDaADdBehQ92OEXYlDn2cAPRnSaj9bBHrksThWWYMOjWYHZNvOqAKgF5qj0NUppRLoX7nDnVcZLqBHHc1uVUDHmr0B6PZzEnKtH0Av0LIj1EU8MTTQJycnq4oQ0COOB42LhAhcJFwD0kYdUbYO9FJQB45j/UCnzOyByBssyYc0gB4I6YI6NYAea9LYVQMtYUYG3WawJA0ugO4wFVZKHdo3LodrsCSUOLq0nS78W+sDWgPimxoLYTdYEr8XALoQ5JTu1zWtOBKzcAA9XEeadV0k9E2LhYuEbS4SuqAG0MYDFlk0tUuZsQVAA+iWQHP4umID6DZAy18ovsGSAHTGQPsuhEtKHCnTXKHEAaBbAq0z5tDFQgDdrpmdPPeu0geALgA6dVYUw4wdQANoE6B9w4u6gNaTzCLqgXadY7kuBjWALgDaAunIcwA0gK4COjbuMzLoZTPo2DjRADoDzZTlNeM/o6MKgLYAWn7AY+M+A+hxgHaNE62hBtAZTeUsx4X2PB9AA+gsoF1TKZUMyn/+Ez8EoI2ApnOZA7Rufnd0URdAt2v9gRo0gG4NNH+g6QNeAjRhwqB81b2/zXzA/q0FnUN9XnOB5vdy/34C2nbZd0prDpQ4AHQN0FxrptscoCUgdMu4ANl6oPn8SqhzgJbvKZAd5OIkMmgAXXORMAdoDbPGBVEPNIc81zlA4yLhYNk3gAbQLYHmTI6BTsEFUQ+0hJrPfahGDaDHDgANoKuBdsEss7gQLvd73h8gKiL0Jad/vWioATSAHg3o0Y93WqBdNWbZm03HPa/+IwBtBDSdSx/QrtIH3wfQABpArxRoOeaGr8bsApowkbjw/drmZlsGmu9rqF1fjvrXDY/RAaABNIBeEdD0AZdAx2qkEmaOq6588e4pP/zb+6Bt+H5u1Dx39qBzqM8rQx0qf0igZekDKAJoAD0x0PInsrxImFtnfvRLf98JNK1LxYm33TrQdC5z69N6nOjDRV2gCKAB9NwZNGfMIaA5Y9ZAEyaMC63T2JZEzXNnD3kONdR87kM1au6ocqhLA0UADaDnBVp+wF1A61IGIyFhltnfj779t/bByL7jHT91CF+9WW7DQPN+thbyV4iGWn85umrUDPRhGVAE0AB6fUC7aswUtN730/xN3/9mL9D0+FO/dsMRxhS0jNb5gL7mx96/qaBz6EKags696z1hqAE0gAbQKwVajoTmqzHrn+AMM2fOhAuBS0HrJMiMtSt7lkAz2LyfrQV/yfF5dZU/fDVq14iEQBFAA+iJgeYPdEqNmbM4DTPFL33iz5OApn2+7E5P3AfDLDNt+dytAk3nUpY8GGr96yVUo8ZodgAaQK8AaF3K4AzaVWNmmAkCCTPDkgI03f7NHT7vsA2APgs0n0cJNZ1zX+mDoda/fvZQA0UADaDnBVrDHKoxx2COAc3LCWgKuQxA33B0Dkuglu/h4X0FigAaQM8NNF9citWYQxlzDtCMB4D2Ax3LqEM1ar7YC6ABNICeHGj6ecw4yzonfdhTShmpQDPSuumdfgyg35xd+mCY5a8fek/pvQWKABpATwy0q6NELsypQKcEgH5zcY1a//rZow0UATSAnh/oGphDQMsmdLHg5nUAuu5iooQaKALomYGm/YVi9UBbwBwCuiQAtE2rDwqgCKBnB1ruz/r8DQ+0BcwuXHJLGzJ+8S3/EUAbNc8DigAaQE8MtAXMtbgg7M6hhhooAmgAPTHQFjAD6HGA1lADRQANoCcGevQDRCDWFAAaQANoBAJAA2gAjUAgADSABtAIBIAG0AAagUAAaHRUAdAIBIAG0OjqDaARCAANoAE0AoEA0AAaQCMQABpAA2gEAgGgATSARiAANIAG0AAagQDQABpAIxAIAA2gATQCAaABNIBGIBAAGkADaAQCQANoAI1AIPoCvcYA0AAagZge6C0EgAbQCASABtAAGoFAAGgADaARiFXG2i4KxmL0SXwBNAKBOALaN+j8rBcFfccPoAE0AgGgATSARiAQABpAA2gEAkADaAANoBEIAD0a0KUtRgA0AoEA0MZAt2riB6ARCASALgS6V1tsAI1AIAB0ItBLdZoB0AgEAkAHgF66ZyOARiAQANoB9CjdzwE0AoEA0ALo0cYIAdAIBAJAD4izRBpAIxAIAA2gATQCAaDHAnr04VABNAKBANAAGkAjEAAaQANoBAIBoAE0gEYgADSABtAIBAJAA2gAjUAAaAANoAE0AgGg0Q4a7aARCASABtAAGoEA0BiLA2NxIBAIAI3R7AA0AgGgMR40xoMG0AgEgF56yqsRZlMB0AgEAkBj0lgAjUAA6DmBtgK75G8BaAQCAaAHDQCNQCAANIAG0AgEgAbQABqBQABoAA2gEQgADaABNAKBANAAGkAjEAAaQANoAI1AAGgADaARCASABtAAGoEA0AAaQCMQCAANoJeL/w/5KJPdT+89PAAAAABJRU5ErkJggg==</ImportTexture>
</Tiled2Unity>